<?xml version="1.0" encoding="UTF-8"?>
<!-- Generated by org.testng.reporters.JUnitReportReporter -->
<testsuite skipped="0" hostname="DELL5010" name="com.automationtest.testcases.LoginAppTest" tests="1" failures="0" timestamp="22 Apr 2020 10:30:19 GMT" time="7.808" errors="0">
  <testcase name="loginApp" time="7.808" classname="com.automationtest.testcases.LoginAppTest"/>
</testsuite> <!-- com.automationtest.testcases.LoginAppTest -->
